[2022-11-28 10:12:35.948 +05:30  INF]  Application is shutting down...
[2022-11-28 10:13:36.056 +05:30  INF]  User profile is available. Using 'C:\Users\harini.rajkumar.ASPIRESYS\AppData\Local\ASP.NET\DataProtection-Keys' as key repository and Windows DPAPI to encrypt keys at rest.
[2022-11-28 10:13:36.242 +05:30  INF]  Now listening on: https://localhost:7024
[2022-11-28 10:13:36.242 +05:30  INF]  Now listening on: http://localhost:5084
[2022-11-28 10:13:36.246 +05:30  INF]  Application started. Press Ctrl+C to shut down.
[2022-11-28 10:13:36.246 +05:30  INF]  Hosting environment: Development
[2022-11-28 10:13:36.254 +05:30  INF]  Content root path: C:\Users\harini.rajkumar.ASPIRESYS\Desktop\Policy_Management_System_API\
[2022-11-28 10:13:41.312 +05:30  INF]  Request starting HTTP/2 GET https://localhost:7024/swagger/index.html - -
[2022-11-28 10:13:41.390 +05:30  INF]  Request finished HTTP/2 GET https://localhost:7024/swagger/index.html - - - 200 - text/html;charset=utf-8 81.1154ms
[2022-11-28 10:13:41.431 +05:30  INF]  Request starting HTTP/2 GET https://localhost:7024/swagger/swagger-ui.css - -
[2022-11-28 10:13:41.451 +05:30  INF]  Sending file. Request path: '/swagger-ui.css'. Physical path: 'N/A'
[2022-11-28 10:13:41.452 +05:30  INF]  Request finished HTTP/2 GET https://localhost:7024/swagger/swagger-ui.css - - - 200 143632 text/css 20.4793ms
[2022-11-28 10:13:41.684 +05:30  INF]  Request starting HTTP/2 GET https://localhost:7024/swagger/v1/swagger.json - -
[2022-11-28 10:13:41.691 +05:30  INF]  Request starting HTTP/2 GET https://localhost:7024/swagger/favicon-32x32.png - -
[2022-11-28 10:13:41.691 +05:30  INF]  Sending file. Request path: '/favicon-32x32.png'. Physical path: 'N/A'
[2022-11-28 10:13:41.691 +05:30  INF]  Request finished HTTP/2 GET https://localhost:7024/swagger/favicon-32x32.png - - - 200 628 image/png 0.8153ms
[2022-11-28 10:13:41.769 +05:30  INF]  Request finished HTTP/2 GET https://localhost:7024/swagger/v1/swagger.json - - - 200 - application/json;charset=utf-8 85.4315ms
[2022-11-28 10:14:06.240 +05:30  INF]  Request starting HTTP/2 PATCH https://localhost:7024/Policy/UpdatePolicyPatch/35 application/json-patch+json 121
[2022-11-28 10:14:06.244 +05:30  INF]  CORS policy execution successful.
[2022-11-28 10:14:06.248 +05:30  INF]  Executing endpoint 'Policy_Management_System_API.PolicyController.UpdatePolicyPatch (Policy_Management_System_API)'
[2022-11-28 10:14:06.277 +05:30  INF]  Route matched with {action = "UpdatePolicyPatch", controller = "Policy"}. Executing controller action with signature System.Threading.Tasks.Task`1[Microsoft.AspNetCore.Mvc.IActionResult] UpdatePolicyPatch(Int32, Microsoft.AspNetCore.JsonPatch.JsonPatchDocument) on controller Policy_Management_System_API.PolicyController (Policy_Management_System_API).
[2022-11-28 10:14:07.525 +05:30  INF]  Entity Framework Core 6.0.10 initialized 'Context' using provider 'Microsoft.EntityFrameworkCore.SqlServer:6.0.10' with options: None
[2022-11-28 10:14:09.102 +05:30  INF]  Executed DbCommand (122ms) [Parameters=[@__PolicyId_0='?' (DbType = Int32)], CommandType='"Text"', CommandTimeout='30']
SELECT TOP(1) [p].[PolicyId], [p].[CoverageId], [p].[Description], [p].[Duration], [p].[EndDate], [p].[HouseDetailId], [p].[InsuredAmount], [p].[InsuredHolderAge], [p].[InsuredName], [p].[IsActive], [p].[PolicyTypeId], [p].[Premium], [p].[StartDate], [p].[Title], [p].[VehicleDetailId], [c].[CoverageId], [c].[CoverageType], [c].[IsActive], [v].[VehicleDetailId], [v].[IsActive], [v].[VehicleModel], [v].[VehicleNumber], [h].[HouseDetailId], [h].[AssetValue], [h].[HouseAddress], [h].[IsActive], [p0].[PolicyTypeId], [p0].[IsActive], [p0].[Policytype]
FROM [policy] AS [p]
INNER JOIN [coverage] AS [c] ON [p].[CoverageId] = [c].[CoverageId]
LEFT JOIN [vehicledetail] AS [v] ON [p].[VehicleDetailId] = [v].[VehicleDetailId]
LEFT JOIN [housedetail] AS [h] ON [p].[HouseDetailId] = [h].[HouseDetailId]
INNER JOIN [policytype] AS [p0] ON [p].[PolicyTypeId] = [p0].[PolicyTypeId]
WHERE [p].[PolicyId] = @__PolicyId_0
[2022-11-28 10:14:09.432 +05:30  INF]  Executing OkObjectResult, writing value of type '<>f__AnonymousType0`1[[System.String, System.Private.CoreLib, Version=6.0.0.0, Culture=neutral, PublicKeyToken=7cec85d7bea7798e]]'.
[2022-11-28 10:14:09.493 +05:30  INF]  Executed action Policy_Management_System_API.PolicyController.UpdatePolicyPatch (Policy_Management_System_API) in 3206.2097ms
[2022-11-28 10:14:09.493 +05:30  INF]  Executed endpoint 'Policy_Management_System_API.PolicyController.UpdatePolicyPatch (Policy_Management_System_API)'
[2022-11-28 10:14:09.516 +05:30  INF]  Request finished HTTP/2 PATCH https://localhost:7024/Policy/UpdatePolicyPatch/35 application/json-patch+json 121 - 200 49 application/json;+charset=utf-8 3275.7056ms
[2022-11-28 10:15:30.660 +05:30  INF]  Request starting HTTP/2 PATCH https://localhost:7024/Policy/UpdatePolicyPatch/-35 application/json-patch+json 121
[2022-11-28 10:15:30.661 +05:30  INF]  CORS policy execution successful.
[2022-11-28 10:15:30.661 +05:30  INF]  Executing endpoint 'Policy_Management_System_API.PolicyController.UpdatePolicyPatch (Policy_Management_System_API)'
[2022-11-28 10:15:30.662 +05:30  INF]  Route matched with {action = "UpdatePolicyPatch", controller = "Policy"}. Executing controller action with signature System.Threading.Tasks.Task`1[Microsoft.AspNetCore.Mvc.IActionResult] UpdatePolicyPatch(Int32, Microsoft.AspNetCore.JsonPatch.JsonPatchDocument) on controller Policy_Management_System_API.PolicyController (Policy_Management_System_API).
[2022-11-28 10:15:30.706 +05:30  ERR]  PolicyDataAccessLayer-UpdatePolicyPatch()-Value cannot be null. (Parameter 'Policy Id - -35 is inavlid')-   at Policy_Management_System_API.PolicyDataAccessLayer.GetPolicyById(Int32 PolicyId) in C:\Users\harini.rajkumar.ASPIRESYS\Desktop\Policy_Management_System_API\DataAccessLayer\PolicyDataAccessLayer.cs:line 107
   at Policy_Management_System_API.PolicyDataAccessLayer.UpdatePolicyPatch(Int32 policyid, JsonPatchDocument policyDocument) in C:\Users\harini.rajkumar.ASPIRESYS\Desktop\Policy_Management_System_API\DataAccessLayer\PolicyDataAccessLayer.cs:line 153
[2022-11-28 10:15:30.727 +05:30  INF]  Executing ObjectResult, writing value of type 'System.String'.
[2022-11-28 10:15:30.727 +05:30  INF]  Executed action Policy_Management_System_API.PolicyController.UpdatePolicyPatch (Policy_Management_System_API) in 65.5112ms
[2022-11-28 10:15:30.727 +05:30  INF]  Executed endpoint 'Policy_Management_System_API.PolicyController.UpdatePolicyPatch (Policy_Management_System_API)'
[2022-11-28 10:15:30.727 +05:30  INF]  Request finished HTTP/2 PATCH https://localhost:7024/Policy/UpdatePolicyPatch/-35 application/json-patch+json 121 - 400 - text/plain;+charset=utf-8 67.1879ms
[2022-11-28 10:24:58.583 +05:30  INF]  User profile is available. Using 'C:\Users\harini.rajkumar.ASPIRESYS\AppData\Local\ASP.NET\DataProtection-Keys' as key repository and Windows DPAPI to encrypt keys at rest.
[2022-11-28 10:24:58.861 +05:30  INF]  Now listening on: https://localhost:7024
[2022-11-28 10:24:58.862 +05:30  INF]  Now listening on: http://localhost:5084
[2022-11-28 10:24:58.867 +05:30  INF]  Application started. Press Ctrl+C to shut down.
[2022-11-28 10:24:58.870 +05:30  INF]  Hosting environment: Development
[2022-11-28 10:24:58.871 +05:30  INF]  Content root path: C:\Users\harini.rajkumar.ASPIRESYS\Desktop\Policy_Management_System_API\
[2022-11-28 10:24:59.499 +05:30  INF]  Request starting HTTP/2 GET https://localhost:7024/ - -
[2022-11-28 10:24:59.571 +05:30  INF]  Request finished HTTP/2 GET https://localhost:7024/ - - - 404 0 - 81.9807ms
[2022-11-28 10:25:05.097 +05:30  INF]  Request starting HTTP/2 PATCH https://localhost:7024/Policy/UpdatePolicyPatch/-35 application/json-patch+json 121
[2022-11-28 10:25:05.103 +05:30  INF]  CORS policy execution successful.
[2022-11-28 10:25:05.108 +05:30  INF]  Executing endpoint 'Policy_Management_System_API.PolicyController.UpdatePolicyPatch (Policy_Management_System_API)'
[2022-11-28 10:25:05.138 +05:30  INF]  Route matched with {action = "UpdatePolicyPatch", controller = "Policy"}. Executing controller action with signature System.Threading.Tasks.Task`1[Microsoft.AspNetCore.Mvc.IActionResult] UpdatePolicyPatch(Int32, Microsoft.AspNetCore.JsonPatch.JsonPatchDocument) on controller Policy_Management_System_API.PolicyController (Policy_Management_System_API).
[2022-11-28 10:25:28.848 +05:30  ERR]  PolicyDataAccessLayer-UpdatePolicyPatch()-Value cannot be null. (Parameter 'Policy Id - -35 is inavlid')-   at Policy_Management_System_API.PolicyDataAccessLayer.GetPolicyById(Int32 PolicyId) in C:\Users\harini.rajkumar.ASPIRESYS\Desktop\Policy_Management_System_API\DataAccessLayer\PolicyDataAccessLayer.cs:line 107
   at Policy_Management_System_API.PolicyDataAccessLayer.UpdatePolicyPatch(Int32 policyid, JsonPatchDocument policyDocument) in C:\Users\harini.rajkumar.ASPIRESYS\Desktop\Policy_Management_System_API\DataAccessLayer\PolicyDataAccessLayer.cs:line 153
[2022-11-28 10:28:09.784 +05:30  INF]  User profile is available. Using 'C:\Users\harini.rajkumar.ASPIRESYS\AppData\Local\ASP.NET\DataProtection-Keys' as key repository and Windows DPAPI to encrypt keys at rest.
[2022-11-28 10:28:10.119 +05:30  INF]  Now listening on: https://localhost:7024
[2022-11-28 10:28:10.119 +05:30  INF]  Now listening on: http://localhost:5084
[2022-11-28 10:28:10.123 +05:30  INF]  Application started. Press Ctrl+C to shut down.
[2022-11-28 10:28:10.123 +05:30  INF]  Hosting environment: Development
[2022-11-28 10:28:10.123 +05:30  INF]  Content root path: C:\Users\harini.rajkumar.ASPIRESYS\Desktop\Policy_Management_System_API\
[2022-11-28 10:28:19.954 +05:30  INF]  Request starting HTTP/2 PATCH https://localhost:7024/Policy/UpdatePolicyPatch/-35 application/json-patch+json 121
[2022-11-28 10:28:19.999 +05:30  INF]  CORS policy execution successful.
[2022-11-28 10:28:20.003 +05:30  INF]  Executing endpoint 'Policy_Management_System_API.PolicyController.UpdatePolicyPatch (Policy_Management_System_API)'
[2022-11-28 10:28:20.078 +05:30  INF]  Route matched with {action = "UpdatePolicyPatch", controller = "Policy"}. Executing controller action with signature System.Threading.Tasks.Task`1[Microsoft.AspNetCore.Mvc.IActionResult] UpdatePolicyPatch(Int32, Microsoft.AspNetCore.JsonPatch.JsonPatchDocument) on controller Policy_Management_System_API.PolicyController (Policy_Management_System_API).
[2022-11-28 10:28:20.563 +05:30  ERR]  PolicyDataAccessLayer-UpdatePolicyPatch()-Value cannot be null. (Parameter 'Policy Id - -35 is inavlid')-   at Policy_Management_System_API.PolicyDataAccessLayer.GetPolicyById(Int32 PolicyId) in C:\Users\harini.rajkumar.ASPIRESYS\Desktop\Policy_Management_System_API\DataAccessLayer\PolicyDataAccessLayer.cs:line 107
   at Policy_Management_System_API.PolicyDataAccessLayer.UpdatePolicyPatch(Int32 policyid, JsonPatchDocument policyDocument) in C:\Users\harini.rajkumar.ASPIRESYS\Desktop\Policy_Management_System_API\DataAccessLayer\PolicyDataAccessLayer.cs:line 153
[2022-11-28 10:28:20.595 +05:30  INF]  Executing ObjectResult, writing value of type 'System.String'.
[2022-11-28 10:28:20.609 +05:30  INF]  Executed action Policy_Management_System_API.PolicyController.UpdatePolicyPatch (Policy_Management_System_API) in 522.1851ms
[2022-11-28 10:28:20.613 +05:30  INF]  Executed endpoint 'Policy_Management_System_API.PolicyController.UpdatePolicyPatch (Policy_Management_System_API)'
[2022-11-28 10:28:20.618 +05:30  INF]  Request finished HTTP/2 PATCH https://localhost:7024/Policy/UpdatePolicyPatch/-35 application/json-patch+json 121 - 400 - text/plain;+charset=utf-8 669.9255ms
[2022-11-28 10:34:34.510 +05:30  INF]  Application is shutting down...
[2022-11-28 10:34:38.296 +05:30  INF]  User profile is available. Using 'C:\Users\harini.rajkumar.ASPIRESYS\AppData\Local\ASP.NET\DataProtection-Keys' as key repository and Windows DPAPI to encrypt keys at rest.
[2022-11-28 10:34:38.420 +05:30  INF]  Now listening on: https://localhost:7024
[2022-11-28 10:34:38.420 +05:30  INF]  Now listening on: http://localhost:5084
[2022-11-28 10:34:38.451 +05:30  INF]  Application started. Press Ctrl+C to shut down.
[2022-11-28 10:34:38.452 +05:30  INF]  Hosting environment: Development
[2022-11-28 10:34:38.452 +05:30  INF]  Content root path: C:\Users\harini.rajkumar.ASPIRESYS\Desktop\Policy_Management_System_API\
[2022-11-28 10:34:44.929 +05:30  INF]  Request starting HTTP/2 PATCH https://localhost:7024/Policy/UpdatePolicyPatch/-35 application/json-patch+json 121
[2022-11-28 10:34:44.967 +05:30  INF]  CORS policy execution successful.
[2022-11-28 10:34:44.971 +05:30  INF]  Executing endpoint 'Policy_Management_System_API.PolicyController.UpdatePolicyPatch (Policy_Management_System_API)'
[2022-11-28 10:34:44.991 +05:30  INF]  Route matched with {action = "UpdatePolicyPatch", controller = "Policy"}. Executing controller action with signature System.Threading.Tasks.Task`1[Microsoft.AspNetCore.Mvc.IActionResult] UpdatePolicyPatch(Int32, Microsoft.AspNetCore.JsonPatch.JsonPatchDocument) on controller Policy_Management_System_API.PolicyController (Policy_Management_System_API).
[2022-11-28 10:34:45.334 +05:30  ERR]  PolicyDataAccessLayer-UpdatePolicyPatch()-Value does not fall within the expected range.-   at Policy_Management_System_API.PolicyDataAccessLayer.GetPolicyById(Int32 PolicyId) in C:\Users\harini.rajkumar.ASPIRESYS\Desktop\Policy_Management_System_API\DataAccessLayer\PolicyDataAccessLayer.cs:line 110
   at Policy_Management_System_API.PolicyDataAccessLayer.UpdatePolicyPatch(Int32 policyid, JsonPatchDocument policyDocument) in C:\Users\harini.rajkumar.ASPIRESYS\Desktop\Policy_Management_System_API\DataAccessLayer\PolicyDataAccessLayer.cs:line 156
[2022-11-28 10:34:45.363 +05:30  INF]  Executing ObjectResult, writing value of type 'System.String'.
[2022-11-28 10:34:45.377 +05:30  INF]  Executed action Policy_Management_System_API.PolicyController.UpdatePolicyPatch (Policy_Management_System_API) in 375.0849ms
[2022-11-28 10:34:45.378 +05:30  INF]  Executed endpoint 'Policy_Management_System_API.PolicyController.UpdatePolicyPatch (Policy_Management_System_API)'
[2022-11-28 10:34:45.381 +05:30  INF]  Request finished HTTP/2 PATCH https://localhost:7024/Policy/UpdatePolicyPatch/-35 application/json-patch+json 121 - 400 - text/plain;+charset=utf-8 454.4434ms
[2022-11-28 10:35:18.776 +05:30  INF]  Application is shutting down...
[2022-11-28 10:35:22.493 +05:30  INF]  User profile is available. Using 'C:\Users\harini.rajkumar.ASPIRESYS\AppData\Local\ASP.NET\DataProtection-Keys' as key repository and Windows DPAPI to encrypt keys at rest.
[2022-11-28 10:35:22.639 +05:30  INF]  Now listening on: https://localhost:7024
[2022-11-28 10:35:22.640 +05:30  INF]  Now listening on: http://localhost:5084
[2022-11-28 10:35:22.645 +05:30  INF]  Application started. Press Ctrl+C to shut down.
[2022-11-28 10:35:22.651 +05:30  INF]  Hosting environment: Development
[2022-11-28 10:35:22.651 +05:30  INF]  Content root path: C:\Users\harini.rajkumar.ASPIRESYS\Desktop\Policy_Management_System_API\
[2022-11-28 10:35:24.946 +05:30  INF]  Request starting HTTP/2 PATCH https://localhost:7024/Policy/UpdatePolicyPatch/-35 application/json-patch+json 121
[2022-11-28 10:35:24.988 +05:30  INF]  CORS policy execution successful.
[2022-11-28 10:35:24.991 +05:30  INF]  Executing endpoint 'Policy_Management_System_API.PolicyController.UpdatePolicyPatch (Policy_Management_System_API)'
[2022-11-28 10:35:25.024 +05:30  INF]  Route matched with {action = "UpdatePolicyPatch", controller = "Policy"}. Executing controller action with signature System.Threading.Tasks.Task`1[Microsoft.AspNetCore.Mvc.IActionResult] UpdatePolicyPatch(Int32, Microsoft.AspNetCore.JsonPatch.JsonPatchDocument) on controller Policy_Management_System_API.PolicyController (Policy_Management_System_API).
[2022-11-28 10:35:25.487 +05:30  ERR]  PolicyDataAccessLayer-UpdatePolicyPatch()-Value does not fall within the expected range.-   at Policy_Management_System_API.PolicyDataAccessLayer.GetPolicyById(Int32 PolicyId) in C:\Users\harini.rajkumar.ASPIRESYS\Desktop\Policy_Management_System_API\DataAccessLayer\PolicyDataAccessLayer.cs:line 110
   at Policy_Management_System_API.PolicyDataAccessLayer.UpdatePolicyPatch(Int32 policyid, JsonPatchDocument policyDocument) in C:\Users\harini.rajkumar.ASPIRESYS\Desktop\Policy_Management_System_API\DataAccessLayer\PolicyDataAccessLayer.cs:line 156
[2022-11-28 10:35:25.523 +05:30  INF]  Executing ObjectResult, writing value of type 'System.String'.
[2022-11-28 10:35:25.540 +05:30  INF]  Executed action Policy_Management_System_API.PolicyController.UpdatePolicyPatch (Policy_Management_System_API) in 509.1186ms
[2022-11-28 10:35:25.544 +05:30  INF]  Executed endpoint 'Policy_Management_System_API.PolicyController.UpdatePolicyPatch (Policy_Management_System_API)'
[2022-11-28 10:35:25.553 +05:30  INF]  Request finished HTTP/2 PATCH https://localhost:7024/Policy/UpdatePolicyPatch/-35 application/json-patch+json 121 - 400 - text/plain;+charset=utf-8 611.2316ms
[2022-11-28 10:35:31.381 +05:30  INF]  Request starting HTTP/2 PATCH https://localhost:7024/Policy/UpdatePolicyPatch/0 application/json-patch+json 121
[2022-11-28 10:35:31.383 +05:30  INF]  CORS policy execution successful.
[2022-11-28 10:35:31.383 +05:30  INF]  Executing endpoint 'Policy_Management_System_API.PolicyController.UpdatePolicyPatch (Policy_Management_System_API)'
[2022-11-28 10:35:31.383 +05:30  INF]  Route matched with {action = "UpdatePolicyPatch", controller = "Policy"}. Executing controller action with signature System.Threading.Tasks.Task`1[Microsoft.AspNetCore.Mvc.IActionResult] UpdatePolicyPatch(Int32, Microsoft.AspNetCore.JsonPatch.JsonPatchDocument) on controller Policy_Management_System_API.PolicyController (Policy_Management_System_API).
[2022-11-28 10:35:31.394 +05:30  ERR]  PolicyDataAccessLayer-UpdatePolicyPatch()-Value cannot be null.-   at Policy_Management_System_API.PolicyDataAccessLayer.GetPolicyById(Int32 PolicyId) in C:\Users\harini.rajkumar.ASPIRESYS\Desktop\Policy_Management_System_API\DataAccessLayer\PolicyDataAccessLayer.cs:line 107
   at Policy_Management_System_API.PolicyDataAccessLayer.UpdatePolicyPatch(Int32 policyid, JsonPatchDocument policyDocument) in C:\Users\harini.rajkumar.ASPIRESYS\Desktop\Policy_Management_System_API\DataAccessLayer\PolicyDataAccessLayer.cs:line 156
[2022-11-28 10:35:31.397 +05:30  INF]  Executing ObjectResult, writing value of type 'System.String'.
[2022-11-28 10:35:31.397 +05:30  INF]  Executed action Policy_Management_System_API.PolicyController.UpdatePolicyPatch (Policy_Management_System_API) in 14.1644ms
[2022-11-28 10:35:31.397 +05:30  INF]  Executed endpoint 'Policy_Management_System_API.PolicyController.UpdatePolicyPatch (Policy_Management_System_API)'
[2022-11-28 10:35:31.398 +05:30  INF]  Request finished HTTP/2 PATCH https://localhost:7024/Policy/UpdatePolicyPatch/0 application/json-patch+json 121 - 400 - text/plain;+charset=utf-8 16.8818ms
[2022-11-28 10:38:23.472 +05:30  INF]  Application is shutting down...
[2022-11-28 10:38:27.999 +05:30  INF]  User profile is available. Using 'C:\Users\harini.rajkumar.ASPIRESYS\AppData\Local\ASP.NET\DataProtection-Keys' as key repository and Windows DPAPI to encrypt keys at rest.
[2022-11-28 10:38:28.105 +05:30  INF]  Now listening on: https://localhost:7024
[2022-11-28 10:38:28.105 +05:30  INF]  Now listening on: http://localhost:5084
[2022-11-28 10:38:28.111 +05:30  INF]  Application started. Press Ctrl+C to shut down.
[2022-11-28 10:38:28.112 +05:30  INF]  Hosting environment: Development
[2022-11-28 10:38:28.115 +05:30  INF]  Content root path: C:\Users\harini.rajkumar.ASPIRESYS\Desktop\Policy_Management_System_API\
[2022-11-28 10:40:36.319 +05:30  INF]  Application is shutting down...
[2022-11-28 14:48:36.151 +05:30  INF]  User profile is available. Using 'C:\Users\harini.rajkumar.ASPIRESYS\AppData\Local\ASP.NET\DataProtection-Keys' as key repository and Windows DPAPI to encrypt keys at rest.
[2022-11-28 14:48:36.303 +05:30  INF]  Now listening on: https://localhost:7024
[2022-11-28 14:48:36.303 +05:30  INF]  Now listening on: http://localhost:5084
[2022-11-28 14:48:36.308 +05:30  INF]  Application started. Press Ctrl+C to shut down.
[2022-11-28 14:48:36.308 +05:30  INF]  Hosting environment: Development
[2022-11-28 14:48:36.308 +05:30  INF]  Content root path: C:\Users\harini.rajkumar.ASPIRESYS\Desktop\Policy_Management_System_API\
[2022-11-28 19:59:23.114 +05:30  INF]  User profile is available. Using 'C:\Users\harini.rajkumar.ASPIRESYS\AppData\Local\ASP.NET\DataProtection-Keys' as key repository and Windows DPAPI to encrypt keys at rest.
[2022-11-28 19:59:23.259 +05:30  INF]  Now listening on: https://localhost:7024
[2022-11-28 19:59:23.259 +05:30  INF]  Now listening on: http://localhost:5084
[2022-11-28 19:59:23.263 +05:30  INF]  Application started. Press Ctrl+C to shut down.
[2022-11-28 19:59:23.264 +05:30  INF]  Hosting environment: Development
[2022-11-28 19:59:23.264 +05:30  INF]  Content root path: C:\Users\harini.rajkumar.ASPIRESYS\Desktop\PolicyManagementSystem\Policy_Management_System_API\
[2022-11-28 19:59:37.119 +05:30  INF]  Request starting HTTP/2 GET https://localhost:7024/swagger/index.html - -
[2022-11-28 19:59:37.376 +05:30  INF]  Request finished HTTP/2 GET https://localhost:7024/swagger/index.html - - - 200 - text/html;charset=utf-8 147.4061ms
[2022-11-28 19:59:37.475 +05:30  INF]  Request starting HTTP/2 GET https://localhost:7024/swagger/swagger-ui.css - -
[2022-11-28 19:59:37.496 +05:30  INF]  Sending file. Request path: '/swagger-ui.css'. Physical path: 'N/A'
[2022-11-28 19:59:37.499 +05:30  INF]  Request finished HTTP/2 GET https://localhost:7024/swagger/swagger-ui.css - - - 200 143632 text/css 23.8030ms
[2022-11-28 19:59:37.757 +05:30  INF]  Request starting HTTP/2 GET https://localhost:7024/swagger/v1/swagger.json - -
[2022-11-28 19:59:37.795 +05:30  INF]  Request starting HTTP/2 GET https://localhost:7024/swagger/favicon-32x32.png - -
[2022-11-28 19:59:37.795 +05:30  INF]  Sending file. Request path: '/favicon-32x32.png'. Physical path: 'N/A'
[2022-11-28 19:59:37.795 +05:30  INF]  Request finished HTTP/2 GET https://localhost:7024/swagger/favicon-32x32.png - - - 200 628 image/png 0.6279ms
[2022-11-28 19:59:37.891 +05:30  INF]  Request finished HTTP/2 GET https://localhost:7024/swagger/v1/swagger.json - - - 200 - application/json;charset=utf-8 134.1953ms
[2022-11-28 20:01:11.248 +05:30  INF]  Request starting HTTP/2 POST https://localhost:7024/Policy/CreatePolicy application/json-patch+json 442
[2022-11-28 20:01:11.253 +05:30  INF]  CORS policy execution successful.
[2022-11-28 20:01:11.258 +05:30  INF]  Executing endpoint 'Policy_Management_System_API.PolicyController.CreatePolicy (Policy_Management_System_API)'
[2022-11-28 20:01:11.277 +05:30  INF]  Route matched with {action = "CreatePolicy", controller = "Policy"}. Executing controller action with signature Microsoft.AspNetCore.Mvc.IActionResult CreatePolicy(Policy_Management_System_API.PolicyDto) on controller Policy_Management_System_API.PolicyController (Policy_Management_System_API).
[2022-11-28 20:01:12.738 +05:30  INF]  Entity Framework Core 6.0.10 initialized 'Context' using provider 'Microsoft.EntityFrameworkCore.SqlServer:6.0.10' with options: None
[2022-11-28 20:01:12.795 +05:30  ERR]  PolicyDataAccessLayer-CreatePolicy()-Object reference not set to an instance of an object.-   at Microsoft.EntityFrameworkCore.ChangeTracking.Internal.StateManager.GetOrCreateEntry(Object entity, IEntityType entityType)
   at Microsoft.EntityFrameworkCore.Internal.InternalDbSet`1.EntryWithoutDetectChanges(TEntity entity)
   at Microsoft.EntityFrameworkCore.Internal.InternalDbSet`1.Add(TEntity entity)
   at Policy_Management_System_API.PolicyDataAccessLayer.CreatePolicy(Policy policy, VehicleDetail vehicleDetail, HouseDetail houseDetail) in C:\Users\harini.rajkumar.ASPIRESYS\Desktop\PolicyManagementSystem\Policy_Management_System_API\DataAccessLayer\PolicyDataAccessLayer.cs:line 34
[2022-11-28 20:01:12.796 +05:30  ERR]  PolicyService : CreatePolicy()-Object reference not set to an instance of an object.
   at Policy_Management_System_API.PolicyDataAccessLayer.CreatePolicy(Policy policy, VehicleDetail vehicleDetail, HouseDetail houseDetail) in C:\Users\harini.rajkumar.ASPIRESYS\Desktop\PolicyManagementSystem\Policy_Management_System_API\DataAccessLayer\PolicyDataAccessLayer.cs:line 57
   at Policy_Management_System_API.PolicyService.CreatePolicy(PolicyDto policyDto) in C:\Users\harini.rajkumar.ASPIRESYS\Desktop\PolicyManagementSystem\Policy_Management_System_API\Services\PolicyService.cs:line 48
[2022-11-28 20:01:12.803 +05:30  INF]  Executing ObjectResult, writing value of type 'System.String'.
[2022-11-28 20:01:12.815 +05:30  INF]  Executed action Policy_Management_System_API.PolicyController.CreatePolicy (Policy_Management_System_API) in 1527.3006ms
[2022-11-28 20:01:12.816 +05:30  INF]  Executed endpoint 'Policy_Management_System_API.PolicyController.CreatePolicy (Policy_Management_System_API)'
[2022-11-28 20:01:12.824 +05:30  INF]  Request finished HTTP/2 POST https://localhost:7024/Policy/CreatePolicy application/json-patch+json 442 - 404 - text/plain;+charset=utf-8 1576.2677ms
[2022-11-28 20:04:42.096 +05:30  INF]  Application is shutting down...
[2022-11-28 20:06:50.178 +05:30  INF]  User profile is available. Using 'C:\Users\harini.rajkumar.ASPIRESYS\AppData\Local\ASP.NET\DataProtection-Keys' as key repository and Windows DPAPI to encrypt keys at rest.
[2022-11-28 20:06:50.661 +05:30  INF]  Now listening on: https://localhost:7024
[2022-11-28 20:06:50.664 +05:30  INF]  Now listening on: http://localhost:5084
[2022-11-28 20:06:50.669 +05:30  INF]  Application started. Press Ctrl+C to shut down.
[2022-11-28 20:06:50.673 +05:30  INF]  Hosting environment: Development
[2022-11-28 20:06:50.674 +05:30  INF]  Content root path: C:\Users\harini.rajkumar.ASPIRESYS\Desktop\PolicyManagementSystem\Policy_Management_System_API\
[2022-11-28 20:06:51.296 +05:30  INF]  Request starting HTTP/2 GET https://localhost:7024/ - -
[2022-11-28 20:06:51.397 +05:30  INF]  Request finished HTTP/2 GET https://localhost:7024/ - - - 404 0 - 104.0935ms
[2022-11-28 20:06:56.904 +05:30  INF]  Request starting HTTP/2 POST https://localhost:7024/Policy/CreatePolicy application/json-patch+json 442
[2022-11-28 20:06:56.921 +05:30  INF]  CORS policy execution successful.
[2022-11-28 20:06:56.933 +05:30  INF]  Executing endpoint 'Policy_Management_System_API.PolicyController.CreatePolicy (Policy_Management_System_API)'
[2022-11-28 20:06:56.988 +05:30  INF]  Route matched with {action = "CreatePolicy", controller = "Policy"}. Executing controller action with signature Microsoft.AspNetCore.Mvc.IActionResult CreatePolicy(Policy_Management_System_API.PolicyDto) on controller Policy_Management_System_API.PolicyController (Policy_Management_System_API).
[2022-11-28 20:07:00.873 +05:30  INF]  Entity Framework Core 6.0.10 initialized 'Context' using provider 'Microsoft.EntityFrameworkCore.SqlServer:6.0.10' with options: None
[2022-11-28 20:07:01.204 +05:30  ERR]  PolicyDataAccessLayer-CreatePolicy()-Object reference not set to an instance of an object.-   at Microsoft.EntityFrameworkCore.ChangeTracking.Internal.StateManager.GetOrCreateEntry(Object entity, IEntityType entityType)
   at Microsoft.EntityFrameworkCore.Internal.InternalDbSet`1.EntryWithoutDetectChanges(TEntity entity)
   at Microsoft.EntityFrameworkCore.Internal.InternalDbSet`1.Add(TEntity entity)
   at Policy_Management_System_API.PolicyDataAccessLayer.CreatePolicy(Policy policy, VehicleDetail vehicleDetail, HouseDetail houseDetail) in C:\Users\harini.rajkumar.ASPIRESYS\Desktop\PolicyManagementSystem\Policy_Management_System_API\DataAccessLayer\PolicyDataAccessLayer.cs:line 34
[2022-11-28 20:07:01.344 +05:30  ERR]  PolicyService : CreatePolicy()-Object reference not set to an instance of an object.
   at Policy_Management_System_API.PolicyDataAccessLayer.CreatePolicy(Policy policy, VehicleDetail vehicleDetail, HouseDetail houseDetail) in C:\Users\harini.rajkumar.ASPIRESYS\Desktop\PolicyManagementSystem\Policy_Management_System_API\DataAccessLayer\PolicyDataAccessLayer.cs:line 57
   at Policy_Management_System_API.PolicyService.CreatePolicy(PolicyDto policyDto) in C:\Users\harini.rajkumar.ASPIRESYS\Desktop\PolicyManagementSystem\Policy_Management_System_API\Services\PolicyService.cs:line 48
[2022-11-28 20:07:36.580 +05:30  INF]  User profile is available. Using 'C:\Users\harini.rajkumar.ASPIRESYS\AppData\Local\ASP.NET\DataProtection-Keys' as key repository and Windows DPAPI to encrypt keys at rest.
[2022-11-28 20:07:36.840 +05:30  INF]  Now listening on: https://localhost:7024
[2022-11-28 20:07:36.843 +05:30  INF]  Now listening on: http://localhost:5084
[2022-11-28 20:07:36.852 +05:30  INF]  Application started. Press Ctrl+C to shut down.
[2022-11-28 20:07:36.855 +05:30  INF]  Hosting environment: Development
[2022-11-28 20:07:36.858 +05:30  INF]  Content root path: C:\Users\harini.rajkumar.ASPIRESYS\Desktop\PolicyManagementSystem\Policy_Management_System_API\
[2022-11-28 20:07:37.734 +05:30  INF]  Request starting HTTP/2 GET https://localhost:7024/ - -
[2022-11-28 20:07:37.931 +05:30  INF]  Request finished HTTP/2 GET https://localhost:7024/ - - - 404 0 - 202.0265ms
[2022-11-28 20:07:56.453 +05:30  INF]  Request starting HTTP/2 POST https://localhost:7024/Policy/CreatePolicy application/json-patch+json 442
[2022-11-28 20:07:56.470 +05:30  INF]  CORS policy execution successful.
[2022-11-28 20:07:56.482 +05:30  INF]  Executing endpoint 'Policy_Management_System_API.PolicyController.CreatePolicy (Policy_Management_System_API)'
[2022-11-28 20:07:56.546 +05:30  INF]  Route matched with {action = "CreatePolicy", controller = "Policy"}. Executing controller action with signature Microsoft.AspNetCore.Mvc.IActionResult CreatePolicy(Policy_Management_System_API.PolicyDto) on controller Policy_Management_System_API.PolicyController (Policy_Management_System_API).
[2022-11-28 20:10:17.050 +05:30  INF]  User profile is available. Using 'C:\Users\harini.rajkumar.ASPIRESYS\AppData\Local\ASP.NET\DataProtection-Keys' as key repository and Windows DPAPI to encrypt keys at rest.
[2022-11-28 20:10:17.190 +05:30  INF]  Now listening on: https://localhost:7024
[2022-11-28 20:10:17.191 +05:30  INF]  Now listening on: http://localhost:5084
[2022-11-28 20:10:17.209 +05:30  INF]  Application started. Press Ctrl+C to shut down.
[2022-11-28 20:10:17.209 +05:30  INF]  Hosting environment: Development
[2022-11-28 20:10:17.209 +05:30  INF]  Content root path: C:\Users\harini.rajkumar.ASPIRESYS\Desktop\PolicyManagementSystem\Policy_Management_System_API\
[2022-11-28 20:10:31.129 +05:30  INF]  Request starting HTTP/2 POST https://localhost:7024/Policy/CreatePolicy application/json-patch+json 442
[2022-11-28 20:10:31.251 +05:30  INF]  CORS policy execution successful.
[2022-11-28 20:10:31.261 +05:30  INF]  Executing endpoint 'Policy_Management_System_API.PolicyController.CreatePolicy (Policy_Management_System_API)'
[2022-11-28 20:10:31.310 +05:30  INF]  Route matched with {action = "CreatePolicy", controller = "Policy"}. Executing controller action with signature Microsoft.AspNetCore.Mvc.IActionResult CreatePolicy(Policy_Management_System_API.PolicyDto) on controller Policy_Management_System_API.PolicyController (Policy_Management_System_API).
[2022-11-28 20:10:34.036 +05:30  INF]  Entity Framework Core 6.0.10 initialized 'Context' using provider 'Microsoft.EntityFrameworkCore.SqlServer:6.0.10' with options: None
[2022-11-28 20:10:35.364 +05:30  INF]  Executed DbCommand (119ms) [Parameters=[@p0='?' (DbType = Boolean), @p1='?' (Size = 4000), @p2='?' (Size = 4000)], CommandType='"Text"', CommandTimeout='30']
SET NOCOUNT ON;
INSERT INTO [vehicledetail] ([IsActive], [VehicleModel], [VehicleNumber])
VALUES (@p0, @p1, @p2);
SELECT [VehicleDetailId]
FROM [vehicledetail]
WHERE @@ROWCOUNT = 1 AND [VehicleDetailId] = scope_identity();
[2022-11-28 20:10:35.837 +05:30  INF]  Executed DbCommand (50ms) [Parameters=[@p0='?' (DbType = Int32), @p1='?' (Size = 4000), @p2='?' (DbType = Single), @p3='?' (DbType = DateTime2), @p4='?' (DbType = Int32), @p5='?' (DbType = Single), @p6='?' (DbType = Int32), @p7='?' (Size = 4000), @p8='?' (DbType = Boolean), @p9='?' (DbType = Int32), @p10='?' (DbType = Single), @p11='?' (DbType = DateTime2), @p12='?' (Size = 4000), @p13='?' (DbType = Int32)], CommandType='"Text"', CommandTimeout='30']
SET NOCOUNT ON;
INSERT INTO [policy] ([CoverageId], [Description], [Duration], [EndDate], [HouseDetailId], [InsuredAmount], [InsuredHolderAge], [InsuredName], [IsActive], [PolicyTypeId], [Premium], [StartDate], [Title], [VehicleDetailId])
VALUES (@p0, @p1, @p2, @p3, @p4, @p5, @p6, @p7, @p8, @p9, @p10, @p11, @p12, @p13);
SELECT [PolicyId]
FROM [policy]
WHERE @@ROWCOUNT = 1 AND [PolicyId] = scope_identity();
[2022-11-28 20:10:35.868 +05:30  INF]  Executing OkObjectResult, writing value of type '<>f__AnonymousType0`1[[System.String, System.Private.CoreLib, Version=6.0.0.0, Culture=neutral, PublicKeyToken=7cec85d7bea7798e]]'.
[2022-11-28 20:10:36.002 +05:30  INF]  Executed action Policy_Management_System_API.PolicyController.CreatePolicy (Policy_Management_System_API) in 4676.8922ms
[2022-11-28 20:10:36.003 +05:30  INF]  Executed endpoint 'Policy_Management_System_API.PolicyController.CreatePolicy (Policy_Management_System_API)'
[2022-11-28 20:10:36.016 +05:30  INF]  Request finished HTTP/2 POST https://localhost:7024/Policy/CreatePolicy application/json-patch+json 442 - 200 47 application/json;+charset=utf-8 4900.3916ms
