[2023-01-06 10:56:30.191 +05:30  INF]  Application is shutting down...
[2023-01-06 10:56:47.234 +05:30  INF]  User profile is available. Using 'C:\Users\harini.rajkumar.ASPIRESYS\AppData\Local\ASP.NET\DataProtection-Keys' as key repository and Windows DPAPI to encrypt keys at rest.
[2023-01-06 10:56:47.404 +05:30  INF]  Now listening on: https://localhost:7024
[2023-01-06 10:56:47.404 +05:30  INF]  Now listening on: http://localhost:5084
[2023-01-06 10:56:47.409 +05:30  INF]  Application started. Press Ctrl+C to shut down.
[2023-01-06 10:56:47.410 +05:30  INF]  Hosting environment: Development
[2023-01-06 10:56:47.411 +05:30  INF]  Content root path: C:\Users\harini.rajkumar.ASPIRESYS\Documents\GitHub\Policy Management system\PolicyManagementSystem\Policy_Management_System_API\
[2023-01-06 10:56:52.727 +05:30  INF]  Request starting HTTP/2 GET https://localhost:7024/swagger/index.html - -
[2023-01-06 10:56:52.855 +05:30  INF]  Request finished HTTP/2 GET https://localhost:7024/swagger/index.html - - - 200 - text/html;charset=utf-8 129.5271ms
[2023-01-06 10:56:53.848 +05:30  INF]  Request starting HTTP/2 GET https://localhost:7024/swagger/swagger-ui-bundle.js - -
[2023-01-06 10:56:53.848 +05:30  INF]  Request starting HTTP/2 GET https://localhost:7024/swagger/swagger-ui.css - -
[2023-01-06 10:56:53.848 +05:30  INF]  Request starting HTTP/2 GET https://localhost:7024/swagger/swagger-ui-standalone-preset.js - -
[2023-01-06 10:56:53.885 +05:30  INF]  Sending file. Request path: '/swagger-ui-bundle.js'. Physical path: 'N/A'
[2023-01-06 10:56:53.888 +05:30  INF]  Request finished HTTP/2 GET https://localhost:7024/swagger/swagger-ui-bundle.js - - - 200 1092889 application/javascript 40.2350ms
[2023-01-06 10:56:53.891 +05:30  INF]  Sending file. Request path: '/swagger-ui-standalone-preset.js'. Physical path: 'N/A'
[2023-01-06 10:56:53.891 +05:30  INF]  Request finished HTTP/2 GET https://localhost:7024/swagger/swagger-ui-standalone-preset.js - - - 200 337162 application/javascript 43.4494ms
[2023-01-06 10:56:53.902 +05:30  INF]  Sending file. Request path: '/swagger-ui.css'. Physical path: 'N/A'
[2023-01-06 10:56:53.902 +05:30  INF]  Request finished HTTP/2 GET https://localhost:7024/swagger/swagger-ui.css - - - 200 143632 text/css 54.4605ms
[2023-01-06 10:56:54.039 +05:30  INF]  Request starting HTTP/2 GET https://localhost:7024/swagger/v1/swagger.json - -
[2023-01-06 10:56:54.168 +05:30  INF]  Request finished HTTP/2 GET https://localhost:7024/swagger/v1/swagger.json - - - 200 - application/json;charset=utf-8 128.9163ms
[2023-01-06 10:57:00.682 +05:30  INF]  Request starting HTTP/2 GET https://localhost:7024/Policy/GetAllPolicies - -
[2023-01-06 10:57:00.691 +05:30  INF]  Executing endpoint 'Policy_Management_System_API.PolicyController.GetAllPolicies (Policy_Management_System_API)'
[2023-01-06 10:57:00.711 +05:30  INF]  Route matched with {action = "GetAllPolicies", controller = "Policy"}. Executing controller action with signature Microsoft.AspNetCore.Mvc.IActionResult GetAllPolicies(Policy_Management_System_API.SearchParams) on controller Policy_Management_System_API.PolicyController (Policy_Management_System_API).
[2023-01-06 10:57:02.498 +05:30  INF]  Entity Framework Core 6.0.10 initialized 'Context' using provider 'Microsoft.EntityFrameworkCore.SqlServer:6.0.10' with options: None
[2023-01-06 10:57:02.923 +05:30  WRN]  The query uses a row limiting operator ('Skip'/'Take') without an 'OrderBy' operator. This may lead to unpredictable results. If the 'Distinct' operator is used after 'OrderBy', then make sure to use the 'OrderBy' operator after 'Distinct' as the ordering would otherwise get erased.
[2023-01-06 10:57:02.924 +05:30  WRN]  The query uses a row limiting operator ('Skip'/'Take') without an 'OrderBy' operator. This may lead to unpredictable results. If the 'Distinct' operator is used after 'OrderBy', then make sure to use the 'OrderBy' operator after 'Distinct' as the ordering would otherwise get erased.
[2023-01-06 10:57:05.916 +05:30  INF]  Executed DbCommand (116ms) [Parameters=[@__p_0='?' (DbType = Int32), @__p_1='?' (DbType = Int32)], CommandType='"Text"', CommandTimeout='30']
SELECT [t].[PolicyId], [t].[CoverageId], [t].[Description], [t].[Duration], [t].[EndDate], [t].[HouseDetailId], [t].[InsuredAmount], [t].[InsuredHolderAge], [t].[InsuredName], [t].[IsActive], [t].[PolicyTypeId], [t].[Premium], [t].[StartDate], [t].[Title], [t].[VehicleDetailId], [c].[CoverageId], [c].[CoverageType], [c].[IsActive], [v].[VehicleDetailId], [v].[IsActive], [v].[VehicleModel], [v].[VehicleNumber], [h].[HouseDetailId], [h].[AssetValue], [h].[HouseAddress], [h].[IsActive], [p0].[PolicyTypeId], [p0].[IsActive], [p0].[Policytype]
FROM (
    SELECT [p].[PolicyId], [p].[CoverageId], [p].[Description], [p].[Duration], [p].[EndDate], [p].[HouseDetailId], [p].[InsuredAmount], [p].[InsuredHolderAge], [p].[InsuredName], [p].[IsActive], [p].[PolicyTypeId], [p].[Premium], [p].[StartDate], [p].[Title], [p].[VehicleDetailId]
    FROM [policy] AS [p]
    ORDER BY (SELECT 1)
    OFFSET @__p_0 ROWS FETCH NEXT @__p_1 ROWS ONLY
) AS [t]
INNER JOIN [coverage] AS [c] ON [t].[CoverageId] = [c].[CoverageId]
LEFT JOIN [vehicledetail] AS [v] ON [t].[VehicleDetailId] = [v].[VehicleDetailId]
LEFT JOIN [housedetail] AS [h] ON [t].[HouseDetailId] = [h].[HouseDetailId]
INNER JOIN [policytype] AS [p0] ON [t].[PolicyTypeId] = [p0].[PolicyTypeId]
[2023-01-06 10:57:06.097 +05:30  INF]  Executing OkObjectResult, writing value of type 'System.Collections.Generic.List`1[[Policy_Management_System_API.Policy, Policy_Management_System_API, Version=1.0.0.0, Culture=neutral, PublicKeyToken=null]]'.
[2023-01-06 10:57:06.289 +05:30  INF]  Executed action Policy_Management_System_API.PolicyController.GetAllPolicies (Policy_Management_System_API) in 5562.8351ms
[2023-01-06 10:57:06.289 +05:30  INF]  Executed endpoint 'Policy_Management_System_API.PolicyController.GetAllPolicies (Policy_Management_System_API)'
[2023-01-06 10:57:06.296 +05:30  INF]  Request finished HTTP/2 GET https://localhost:7024/Policy/GetAllPolicies - - - 200 16835 application/json;+charset=utf-8 5613.7239ms
[2023-01-06 12:19:18.146 +05:30  INF]  Request starting HTTP/2 GET https://localhost:7024/swagger/index.html - -
[2023-01-06 12:19:18.164 +05:30  INF]  Request finished HTTP/2 GET https://localhost:7024/swagger/index.html - - - 200 - text/html;charset=utf-8 19.6996ms
[2023-01-06 12:19:18.243 +05:30  INF]  Request starting HTTP/2 GET https://localhost:7024/swagger/swagger-ui.css - -
[2023-01-06 12:19:18.244 +05:30  INF]  Request starting HTTP/2 GET https://localhost:7024/swagger/swagger-ui-standalone-preset.js - -
[2023-01-06 12:19:18.244 +05:30  INF]  Request starting HTTP/2 GET https://localhost:7024/swagger/swagger-ui-bundle.js - -
[2023-01-06 12:19:18.271 +05:30  INF]  Sending file. Request path: '/swagger-ui.css'. Physical path: 'N/A'
[2023-01-06 12:19:18.272 +05:30  INF]  Sending file. Request path: '/swagger-ui-standalone-preset.js'. Physical path: 'N/A'
[2023-01-06 12:19:18.272 +05:30  INF]  Request finished HTTP/2 GET https://localhost:7024/swagger/swagger-ui-standalone-preset.js - - - 200 337162 application/javascript 27.6482ms
[2023-01-06 12:19:18.274 +05:30  INF]  Request finished HTTP/2 GET https://localhost:7024/swagger/swagger-ui.css - - - 200 143632 text/css 31.4709ms
[2023-01-06 12:19:18.320 +05:30  INF]  Sending file. Request path: '/swagger-ui-bundle.js'. Physical path: 'N/A'
[2023-01-06 12:19:18.321 +05:30  INF]  Request finished HTTP/2 GET https://localhost:7024/swagger/swagger-ui-bundle.js - - - 200 1092889 application/javascript 76.7779ms
[2023-01-06 12:19:19.825 +05:30  INF]  Request starting HTTP/2 GET https://localhost:7024/swagger/v1/swagger.json - -
[2023-01-06 12:19:19.839 +05:30  INF]  Request finished HTTP/2 GET https://localhost:7024/swagger/v1/swagger.json - - - 200 - application/json;charset=utf-8 14.4332ms
[2023-01-06 15:33:01.403 +05:30  INF]  Request starting HTTP/2 GET https://localhost:7024/Policy/GetPolicyById?PolicyId=21 - -
[2023-01-06 15:33:01.436 +05:30  INF]  CORS policy execution successful.
[2023-01-06 15:33:01.445 +05:30  INF]  Executing endpoint 'Policy_Management_System_API.PolicyController.GetPolicyById (Policy_Management_System_API)'
[2023-01-06 15:33:01.483 +05:30  INF]  Route matched with {action = "GetPolicyById", controller = "Policy"}. Executing controller action with signature Microsoft.AspNetCore.Mvc.IActionResult GetPolicyById(Int32) on controller Policy_Management_System_API.PolicyController (Policy_Management_System_API).
[2023-01-06 15:33:01.553 +05:30  INF]  Entity Framework Core 6.0.10 initialized 'Context' using provider 'Microsoft.EntityFrameworkCore.SqlServer:6.0.10' with options: None
[2023-01-06 15:33:01.837 +05:30  INF]  Executed DbCommand (28ms) [Parameters=[@__PolicyId_0='?' (DbType = Int32)], CommandType='"Text"', CommandTimeout='30']
SELECT TOP(1) [p].[PolicyId], [p].[CoverageId], [p].[Description], [p].[Duration], [p].[EndDate], [p].[HouseDetailId], [p].[InsuredAmount], [p].[InsuredHolderAge], [p].[InsuredName], [p].[IsActive], [p].[PolicyTypeId], [p].[Premium], [p].[StartDate], [p].[Title], [p].[VehicleDetailId], [c].[CoverageId], [c].[CoverageType], [c].[IsActive], [v].[VehicleDetailId], [v].[IsActive], [v].[VehicleModel], [v].[VehicleNumber], [h].[HouseDetailId], [h].[AssetValue], [h].[HouseAddress], [h].[IsActive], [p0].[PolicyTypeId], [p0].[IsActive], [p0].[Policytype]
FROM [policy] AS [p]
INNER JOIN [coverage] AS [c] ON [p].[CoverageId] = [c].[CoverageId]
LEFT JOIN [vehicledetail] AS [v] ON [p].[VehicleDetailId] = [v].[VehicleDetailId]
LEFT JOIN [housedetail] AS [h] ON [p].[HouseDetailId] = [h].[HouseDetailId]
INNER JOIN [policytype] AS [p0] ON [p].[PolicyTypeId] = [p0].[PolicyTypeId]
WHERE [p].[PolicyId] = @__PolicyId_0
[2023-01-06 15:33:01.872 +05:30  INF]  Executing OkObjectResult, writing value of type '<>f__AnonymousType6`14[[System.Int32, System.Private.CoreLib, Version=6.0.0.0, Culture=neutral, PublicKeyToken=7cec85d7bea7798e],[System.String, System.Private.CoreLib, Version=6.0.0.0, Culture=neutral, PublicKeyToken=7cec85d7bea7798e],[System.String, System.Private.CoreLib, Version=6.0.0.0, Culture=neutral, PublicKeyToken=7cec85d7bea7798e],[System.String, System.Private.CoreLib, Version=6.0.0.0, Culture=neutral, PublicKeyToken=7cec85d7bea7798e],[System.String, System.Private.CoreLib, Version=6.0.0.0, Culture=neutral, PublicKeyToken=7cec85d7bea7798e],[System.Nullable`1[[System.Single, System.Private.CoreLib, Version=6.0.0.0, Culture=neutral, PublicKeyToken=7cec85d7bea7798e]], System.Private.CoreLib, Version=6.0.0.0, Culture=neutral, PublicKeyToken=7cec85d7bea7798e],[System.Nullable`1[[System.Single, System.Private.CoreLib, Version=6.0.0.0, Culture=neutral, PublicKeyToken=7cec85d7bea7798e]], System.Private.CoreLib, Version=6.0.0.0, Culture=neutral, PublicKeyToken=7cec85d7bea7798e],[System.Single, System.Private.CoreLib, Version=6.0.0.0, Culture=neutral, PublicKeyToken=7cec85d7bea7798e],[System.String, System.Private.CoreLib, Version=6.0.0.0, Culture=neutral, PublicKeyToken=7cec85d7bea7798e],[System.Int32, System.Private.CoreLib, Version=6.0.0.0, Culture=neutral, PublicKeyToken=7cec85d7bea7798e],[System.Int32, System.Private.CoreLib, Version=6.0.0.0, Culture=neutral, PublicKeyToken=7cec85d7bea7798e],[System.String, System.Private.CoreLib, Version=6.0.0.0, Culture=neutral, PublicKeyToken=7cec85d7bea7798e],[System.Int32, System.Private.CoreLib, Version=6.0.0.0, Culture=neutral, PublicKeyToken=7cec85d7bea7798e],[System.String, System.Private.CoreLib, Version=6.0.0.0, Culture=neutral, PublicKeyToken=7cec85d7bea7798e]]'.
[2023-01-06 15:33:01.907 +05:30  INF]  Executed action Policy_Management_System_API.PolicyController.GetPolicyById (Policy_Management_System_API) in 423.9726ms
[2023-01-06 15:33:01.908 +05:30  INF]  Executed endpoint 'Policy_Management_System_API.PolicyController.GetPolicyById (Policy_Management_System_API)'
[2023-01-06 15:33:01.908 +05:30  INF]  Request finished HTTP/2 GET https://localhost:7024/Policy/GetPolicyById?PolicyId=21 - - - 200 419 application/json;+charset=utf-8 508.8202ms
[2023-01-06 15:33:04.681 +05:30  INF]  Request starting HTTP/2 GET https://localhost:7024/Policy/GetAllPolicies? - -
[2023-01-06 15:33:04.683 +05:30  INF]  CORS policy execution successful.
[2023-01-06 15:33:04.683 +05:30  INF]  Executing endpoint 'Policy_Management_System_API.PolicyController.GetAllPolicies (Policy_Management_System_API)'
[2023-01-06 15:33:04.684 +05:30  INF]  Route matched with {action = "GetAllPolicies", controller = "Policy"}. Executing controller action with signature Microsoft.AspNetCore.Mvc.IActionResult GetAllPolicies(Policy_Management_System_API.SearchParams) on controller Policy_Management_System_API.PolicyController (Policy_Management_System_API).
[2023-01-06 15:33:04.742 +05:30  INF]  Entity Framework Core 6.0.10 initialized 'Context' using provider 'Microsoft.EntityFrameworkCore.SqlServer:6.0.10' with options: None
[2023-01-06 15:33:04.787 +05:30  INF]  Executed DbCommand (35ms) [Parameters=[@__p_0='?' (DbType = Int32), @__p_1='?' (DbType = Int32)], CommandType='"Text"', CommandTimeout='30']
SELECT [t].[PolicyId], [t].[CoverageId], [t].[Description], [t].[Duration], [t].[EndDate], [t].[HouseDetailId], [t].[InsuredAmount], [t].[InsuredHolderAge], [t].[InsuredName], [t].[IsActive], [t].[PolicyTypeId], [t].[Premium], [t].[StartDate], [t].[Title], [t].[VehicleDetailId], [c].[CoverageId], [c].[CoverageType], [c].[IsActive], [v].[VehicleDetailId], [v].[IsActive], [v].[VehicleModel], [v].[VehicleNumber], [h].[HouseDetailId], [h].[AssetValue], [h].[HouseAddress], [h].[IsActive], [p0].[PolicyTypeId], [p0].[IsActive], [p0].[Policytype]
FROM (
    SELECT [p].[PolicyId], [p].[CoverageId], [p].[Description], [p].[Duration], [p].[EndDate], [p].[HouseDetailId], [p].[InsuredAmount], [p].[InsuredHolderAge], [p].[InsuredName], [p].[IsActive], [p].[PolicyTypeId], [p].[Premium], [p].[StartDate], [p].[Title], [p].[VehicleDetailId]
    FROM [policy] AS [p]
    ORDER BY (SELECT 1)
    OFFSET @__p_0 ROWS FETCH NEXT @__p_1 ROWS ONLY
) AS [t]
INNER JOIN [coverage] AS [c] ON [t].[CoverageId] = [c].[CoverageId]
LEFT JOIN [vehicledetail] AS [v] ON [t].[VehicleDetailId] = [v].[VehicleDetailId]
LEFT JOIN [housedetail] AS [h] ON [t].[HouseDetailId] = [h].[HouseDetailId]
INNER JOIN [policytype] AS [p0] ON [t].[PolicyTypeId] = [p0].[PolicyTypeId]
[2023-01-06 15:33:04.790 +05:30  INF]  Executing OkObjectResult, writing value of type 'System.Collections.Generic.List`1[[Policy_Management_System_API.Policy, Policy_Management_System_API, Version=1.0.0.0, Culture=neutral, PublicKeyToken=null]]'.
[2023-01-06 15:33:04.791 +05:30  INF]  Executed action Policy_Management_System_API.PolicyController.GetAllPolicies (Policy_Management_System_API) in 107.7308ms
[2023-01-06 15:33:04.791 +05:30  INF]  Executed endpoint 'Policy_Management_System_API.PolicyController.GetAllPolicies (Policy_Management_System_API)'
[2023-01-06 15:33:04.792 +05:30  INF]  Request finished HTTP/2 GET https://localhost:7024/Policy/GetAllPolicies? - - - 200 16835 application/json;+charset=utf-8 110.5143ms
[2023-01-06 17:37:15.713 +05:30  INF]  Request starting HTTP/2 GET https://localhost:7024/Policy/GetAllPolicies? - -
[2023-01-06 17:37:15.755 +05:30  INF]  CORS policy execution successful.
[2023-01-06 17:37:15.762 +05:30  INF]  Executing endpoint 'Policy_Management_System_API.PolicyController.GetAllPolicies (Policy_Management_System_API)'
[2023-01-06 17:37:15.824 +05:30  INF]  Route matched with {action = "GetAllPolicies", controller = "Policy"}. Executing controller action with signature Microsoft.AspNetCore.Mvc.IActionResult GetAllPolicies(Policy_Management_System_API.SearchParams) on controller Policy_Management_System_API.PolicyController (Policy_Management_System_API).
[2023-01-06 17:37:16.088 +05:30  INF]  Entity Framework Core 6.0.10 initialized 'Context' using provider 'Microsoft.EntityFrameworkCore.SqlServer:6.0.10' with options: None
[2023-01-06 17:37:17.004 +05:30  INF]  Executed DbCommand (653ms) [Parameters=[@__p_0='?' (DbType = Int32), @__p_1='?' (DbType = Int32)], CommandType='"Text"', CommandTimeout='30']
SELECT [t].[PolicyId], [t].[CoverageId], [t].[Description], [t].[Duration], [t].[EndDate], [t].[HouseDetailId], [t].[InsuredAmount], [t].[InsuredHolderAge], [t].[InsuredName], [t].[IsActive], [t].[PolicyTypeId], [t].[Premium], [t].[StartDate], [t].[Title], [t].[VehicleDetailId], [c].[CoverageId], [c].[CoverageType], [c].[IsActive], [v].[VehicleDetailId], [v].[IsActive], [v].[VehicleModel], [v].[VehicleNumber], [h].[HouseDetailId], [h].[AssetValue], [h].[HouseAddress], [h].[IsActive], [p0].[PolicyTypeId], [p0].[IsActive], [p0].[Policytype]
FROM (
    SELECT [p].[PolicyId], [p].[CoverageId], [p].[Description], [p].[Duration], [p].[EndDate], [p].[HouseDetailId], [p].[InsuredAmount], [p].[InsuredHolderAge], [p].[InsuredName], [p].[IsActive], [p].[PolicyTypeId], [p].[Premium], [p].[StartDate], [p].[Title], [p].[VehicleDetailId]
    FROM [policy] AS [p]
    ORDER BY (SELECT 1)
    OFFSET @__p_0 ROWS FETCH NEXT @__p_1 ROWS ONLY
) AS [t]
INNER JOIN [coverage] AS [c] ON [t].[CoverageId] = [c].[CoverageId]
LEFT JOIN [vehicledetail] AS [v] ON [t].[VehicleDetailId] = [v].[VehicleDetailId]
LEFT JOIN [housedetail] AS [h] ON [t].[HouseDetailId] = [h].[HouseDetailId]
INNER JOIN [policytype] AS [p0] ON [t].[PolicyTypeId] = [p0].[PolicyTypeId]
[2023-01-06 17:37:17.037 +05:30  INF]  Executing OkObjectResult, writing value of type 'System.Collections.Generic.List`1[[Policy_Management_System_API.Policy, Policy_Management_System_API, Version=1.0.0.0, Culture=neutral, PublicKeyToken=null]]'.
[2023-01-06 17:37:17.171 +05:30  INF]  Executed action Policy_Management_System_API.PolicyController.GetAllPolicies (Policy_Management_System_API) in 1346.8424ms
[2023-01-06 17:37:17.172 +05:30  INF]  Executed endpoint 'Policy_Management_System_API.PolicyController.GetAllPolicies (Policy_Management_System_API)'
[2023-01-06 17:37:17.176 +05:30  INF]  Request finished HTTP/2 GET https://localhost:7024/Policy/GetAllPolicies? - - - 200 16835 application/json;+charset=utf-8 1470.6934ms
[2023-01-06 17:38:14.537 +05:30  INF]  Request starting HTTP/2 GET https://localhost:7024/Policy/GetAllPolicies? - -
[2023-01-06 17:38:14.537 +05:30  INF]  CORS policy execution successful.
[2023-01-06 17:38:14.537 +05:30  INF]  Executing endpoint 'Policy_Management_System_API.PolicyController.GetAllPolicies (Policy_Management_System_API)'
[2023-01-06 17:38:14.538 +05:30  INF]  Route matched with {action = "GetAllPolicies", controller = "Policy"}. Executing controller action with signature Microsoft.AspNetCore.Mvc.IActionResult GetAllPolicies(Policy_Management_System_API.SearchParams) on controller Policy_Management_System_API.PolicyController (Policy_Management_System_API).
[2023-01-06 17:38:14.540 +05:30  INF]  Entity Framework Core 6.0.10 initialized 'Context' using provider 'Microsoft.EntityFrameworkCore.SqlServer:6.0.10' with options: None
[2023-01-06 17:38:14.579 +05:30  INF]  Executed DbCommand (36ms) [Parameters=[@__p_0='?' (DbType = Int32), @__p_1='?' (DbType = Int32)], CommandType='"Text"', CommandTimeout='30']
SELECT [t].[PolicyId], [t].[CoverageId], [t].[Description], [t].[Duration], [t].[EndDate], [t].[HouseDetailId], [t].[InsuredAmount], [t].[InsuredHolderAge], [t].[InsuredName], [t].[IsActive], [t].[PolicyTypeId], [t].[Premium], [t].[StartDate], [t].[Title], [t].[VehicleDetailId], [c].[CoverageId], [c].[CoverageType], [c].[IsActive], [v].[VehicleDetailId], [v].[IsActive], [v].[VehicleModel], [v].[VehicleNumber], [h].[HouseDetailId], [h].[AssetValue], [h].[HouseAddress], [h].[IsActive], [p0].[PolicyTypeId], [p0].[IsActive], [p0].[Policytype]
FROM (
    SELECT [p].[PolicyId], [p].[CoverageId], [p].[Description], [p].[Duration], [p].[EndDate], [p].[HouseDetailId], [p].[InsuredAmount], [p].[InsuredHolderAge], [p].[InsuredName], [p].[IsActive], [p].[PolicyTypeId], [p].[Premium], [p].[StartDate], [p].[Title], [p].[VehicleDetailId]
    FROM [policy] AS [p]
    ORDER BY (SELECT 1)
    OFFSET @__p_0 ROWS FETCH NEXT @__p_1 ROWS ONLY
) AS [t]
INNER JOIN [coverage] AS [c] ON [t].[CoverageId] = [c].[CoverageId]
LEFT JOIN [vehicledetail] AS [v] ON [t].[VehicleDetailId] = [v].[VehicleDetailId]
LEFT JOIN [housedetail] AS [h] ON [t].[HouseDetailId] = [h].[HouseDetailId]
INNER JOIN [policytype] AS [p0] ON [t].[PolicyTypeId] = [p0].[PolicyTypeId]
[2023-01-06 17:38:14.594 +05:30  INF]  Executing OkObjectResult, writing value of type 'System.Collections.Generic.List`1[[Policy_Management_System_API.Policy, Policy_Management_System_API, Version=1.0.0.0, Culture=neutral, PublicKeyToken=null]]'.
[2023-01-06 17:38:14.595 +05:30  INF]  Executed action Policy_Management_System_API.PolicyController.GetAllPolicies (Policy_Management_System_API) in 57.0306ms
[2023-01-06 17:38:14.595 +05:30  INF]  Executed endpoint 'Policy_Management_System_API.PolicyController.GetAllPolicies (Policy_Management_System_API)'
[2023-01-06 17:38:14.595 +05:30  INF]  Request finished HTTP/2 GET https://localhost:7024/Policy/GetAllPolicies? - - - 200 16835 application/json;+charset=utf-8 58.1832ms
[2023-01-06 17:38:17.488 +05:30  INF]  Request starting HTTP/2 GET https://localhost:7024/Policy/GetAllPolicies? - -
[2023-01-06 17:38:17.489 +05:30  INF]  CORS policy execution successful.
[2023-01-06 17:38:17.489 +05:30  INF]  Executing endpoint 'Policy_Management_System_API.PolicyController.GetAllPolicies (Policy_Management_System_API)'
[2023-01-06 17:38:17.489 +05:30  INF]  Route matched with {action = "GetAllPolicies", controller = "Policy"}. Executing controller action with signature Microsoft.AspNetCore.Mvc.IActionResult GetAllPolicies(Policy_Management_System_API.SearchParams) on controller Policy_Management_System_API.PolicyController (Policy_Management_System_API).
[2023-01-06 17:38:17.490 +05:30  INF]  Entity Framework Core 6.0.10 initialized 'Context' using provider 'Microsoft.EntityFrameworkCore.SqlServer:6.0.10' with options: None
[2023-01-06 17:38:17.599 +05:30  INF]  Executed DbCommand (95ms) [Parameters=[@__p_0='?' (DbType = Int32), @__p_1='?' (DbType = Int32)], CommandType='"Text"', CommandTimeout='30']
SELECT [t].[PolicyId], [t].[CoverageId], [t].[Description], [t].[Duration], [t].[EndDate], [t].[HouseDetailId], [t].[InsuredAmount], [t].[InsuredHolderAge], [t].[InsuredName], [t].[IsActive], [t].[PolicyTypeId], [t].[Premium], [t].[StartDate], [t].[Title], [t].[VehicleDetailId], [c].[CoverageId], [c].[CoverageType], [c].[IsActive], [v].[VehicleDetailId], [v].[IsActive], [v].[VehicleModel], [v].[VehicleNumber], [h].[HouseDetailId], [h].[AssetValue], [h].[HouseAddress], [h].[IsActive], [p0].[PolicyTypeId], [p0].[IsActive], [p0].[Policytype]
FROM (
    SELECT [p].[PolicyId], [p].[CoverageId], [p].[Description], [p].[Duration], [p].[EndDate], [p].[HouseDetailId], [p].[InsuredAmount], [p].[InsuredHolderAge], [p].[InsuredName], [p].[IsActive], [p].[PolicyTypeId], [p].[Premium], [p].[StartDate], [p].[Title], [p].[VehicleDetailId]
    FROM [policy] AS [p]
    ORDER BY (SELECT 1)
    OFFSET @__p_0 ROWS FETCH NEXT @__p_1 ROWS ONLY
) AS [t]
INNER JOIN [coverage] AS [c] ON [t].[CoverageId] = [c].[CoverageId]
LEFT JOIN [vehicledetail] AS [v] ON [t].[VehicleDetailId] = [v].[VehicleDetailId]
LEFT JOIN [housedetail] AS [h] ON [t].[HouseDetailId] = [h].[HouseDetailId]
INNER JOIN [policytype] AS [p0] ON [t].[PolicyTypeId] = [p0].[PolicyTypeId]
[2023-01-06 17:38:17.622 +05:30  INF]  Executing OkObjectResult, writing value of type 'System.Collections.Generic.List`1[[Policy_Management_System_API.Policy, Policy_Management_System_API, Version=1.0.0.0, Culture=neutral, PublicKeyToken=null]]'.
[2023-01-06 17:38:17.623 +05:30  INF]  Executed action Policy_Management_System_API.PolicyController.GetAllPolicies (Policy_Management_System_API) in 134.1258ms
[2023-01-06 17:38:17.623 +05:30  INF]  Executed endpoint 'Policy_Management_System_API.PolicyController.GetAllPolicies (Policy_Management_System_API)'
[2023-01-06 17:38:17.624 +05:30  INF]  Request finished HTTP/2 GET https://localhost:7024/Policy/GetAllPolicies? - - - 200 16835 application/json;+charset=utf-8 135.1847ms
[2023-01-06 17:50:14.667 +05:30  INF]  Request starting HTTP/2 GET https://localhost:7024/Policy/GetAllPolicies? - -
[2023-01-06 17:50:14.675 +05:30  INF]  CORS policy execution successful.
[2023-01-06 17:50:14.677 +05:30  INF]  Executing endpoint 'Policy_Management_System_API.PolicyController.GetAllPolicies (Policy_Management_System_API)'
[2023-01-06 17:50:14.685 +05:30  INF]  Route matched with {action = "GetAllPolicies", controller = "Policy"}. Executing controller action with signature Microsoft.AspNetCore.Mvc.IActionResult GetAllPolicies(Policy_Management_System_API.SearchParams) on controller Policy_Management_System_API.PolicyController (Policy_Management_System_API).
[2023-01-06 17:50:14.710 +05:30  INF]  Entity Framework Core 6.0.10 initialized 'Context' using provider 'Microsoft.EntityFrameworkCore.SqlServer:6.0.10' with options: None
[2023-01-06 17:50:14.812 +05:30  INF]  Executed DbCommand (21ms) [Parameters=[@__p_0='?' (DbType = Int32), @__p_1='?' (DbType = Int32)], CommandType='"Text"', CommandTimeout='30']
SELECT [t].[PolicyId], [t].[CoverageId], [t].[Description], [t].[Duration], [t].[EndDate], [t].[HouseDetailId], [t].[InsuredAmount], [t].[InsuredHolderAge], [t].[InsuredName], [t].[IsActive], [t].[PolicyTypeId], [t].[Premium], [t].[StartDate], [t].[Title], [t].[VehicleDetailId], [c].[CoverageId], [c].[CoverageType], [c].[IsActive], [v].[VehicleDetailId], [v].[IsActive], [v].[VehicleModel], [v].[VehicleNumber], [h].[HouseDetailId], [h].[AssetValue], [h].[HouseAddress], [h].[IsActive], [p0].[PolicyTypeId], [p0].[IsActive], [p0].[Policytype]
FROM (
    SELECT [p].[PolicyId], [p].[CoverageId], [p].[Description], [p].[Duration], [p].[EndDate], [p].[HouseDetailId], [p].[InsuredAmount], [p].[InsuredHolderAge], [p].[InsuredName], [p].[IsActive], [p].[PolicyTypeId], [p].[Premium], [p].[StartDate], [p].[Title], [p].[VehicleDetailId]
    FROM [policy] AS [p]
    ORDER BY (SELECT 1)
    OFFSET @__p_0 ROWS FETCH NEXT @__p_1 ROWS ONLY
) AS [t]
INNER JOIN [coverage] AS [c] ON [t].[CoverageId] = [c].[CoverageId]
LEFT JOIN [vehicledetail] AS [v] ON [t].[VehicleDetailId] = [v].[VehicleDetailId]
LEFT JOIN [housedetail] AS [h] ON [t].[HouseDetailId] = [h].[HouseDetailId]
INNER JOIN [policytype] AS [p0] ON [t].[PolicyTypeId] = [p0].[PolicyTypeId]
[2023-01-06 17:50:14.817 +05:30  INF]  Executing OkObjectResult, writing value of type 'System.Collections.Generic.List`1[[Policy_Management_System_API.Policy, Policy_Management_System_API, Version=1.0.0.0, Culture=neutral, PublicKeyToken=null]]'.
[2023-01-06 17:50:14.820 +05:30  INF]  Executed action Policy_Management_System_API.PolicyController.GetAllPolicies (Policy_Management_System_API) in 135.1266ms
[2023-01-06 17:50:14.821 +05:30  INF]  Executed endpoint 'Policy_Management_System_API.PolicyController.GetAllPolicies (Policy_Management_System_API)'
[2023-01-06 17:50:14.821 +05:30  INF]  Request finished HTTP/2 GET https://localhost:7024/Policy/GetAllPolicies? - - - 200 16835 application/json;+charset=utf-8 155.0388ms
